c:\users\lewin\documents\opengl learn\volumetricclouds\x64\debug\vc142.pdb
c:\users\lewin\documents\opengl learn\volumetricclouds\x64\debug\vc142.idb
c:\users\lewin\documents\opengl learn\volumetricclouds\x64\debug\stb_implementation.obj
c:\users\lewin\documents\opengl learn\volumetricclouds\x64\debug\main.obj
c:\users\lewin\documents\opengl learn\volumetricclouds\x64\debug\cloudcluster.obj
c:\users\lewin\documents\opengl learn\volumetricclouds\x64\debug\glad.obj
c:\users\lewin\documents\opengl learn\volumetricclouds\x64\debug\particleemitter.obj
c:\users\lewin\documents\opengl learn\volumetricclouds\x64\debug\cloudscape.obj
c:\users\lewin\documents\opengl learn\volumetricclouds\x64\debug\volumetricclouds.exe
c:\users\lewin\documents\opengl learn\volumetricclouds\x64\debug\volumetricclouds.ilk
c:\users\lewin\documents\opengl learn\volumetricclouds\x64\debug\volumetricclouds.pdb
c:\users\lewin\documents\opengl learn\volumetricclouds\x64\debug\cloudcluster.nativecodeanalysis.xml
c:\users\lewin\documents\opengl learn\volumetricclouds\x64\debug\glad.nativecodeanalysis.xml
c:\users\lewin\documents\opengl learn\volumetricclouds\x64\debug\main.nativecodeanalysis.xml
c:\users\lewin\documents\opengl learn\volumetricclouds\x64\debug\particleemitter.nativecodeanalysis.xml
c:\users\lewin\documents\opengl learn\volumetricclouds\x64\debug\stb_implementation.nativecodeanalysis.xml
c:\users\lewin\documents\opengl learn\volumetricclouds\x64\debug\vc.nativecodeanalysis.all.xml
c:\users\lewin\documents\opengl learn\volumetricclouds\x64\debug\volumetricclouds.tlog\cl.command.1.tlog
c:\users\lewin\documents\opengl learn\volumetricclouds\x64\debug\volumetricclouds.tlog\cl.read.1.tlog
c:\users\lewin\documents\opengl learn\volumetricclouds\x64\debug\volumetricclouds.tlog\cl.write.1.tlog
c:\users\lewin\documents\opengl learn\volumetricclouds\x64\debug\volumetricclouds.tlog\link.command.1.tlog
c:\users\lewin\documents\opengl learn\volumetricclouds\x64\debug\volumetricclouds.tlog\link.read.1.tlog
c:\users\lewin\documents\opengl learn\volumetricclouds\x64\debug\volumetricclouds.tlog\link.write.1.tlog
